<?xml version="1.0" encoding="UTF-8"?>
<testsuites>
  <testsuite name="fastlane.lanes">
    
    
    
      
      <testcase classname="fastlane.lanes" name="0: Verifying required fastlane version" time="0.002874">
        
      </testcase>
    
      
      <testcase classname="fastlane.lanes" name="1: default_platform" time="0.00263">
        
      </testcase>
    
      
      <testcase classname="fastlane.lanes" name="2: jazzy" time="7.667987">
        
          <failure message="/Users/macmedan/.fastlane/bin/bundle/lib/ruby/gems/2.2.0/gems/fastlane-2.63.0/fastlane/lib/fastlane/actions/actions_helper.rb:48:in `execute_action'&#10;/Users/macmedan/.fastlane/bin/bundle/lib/ruby/gems/2.2.0/gems/fastlane-2.63.0/fastlane/lib/fastlane/runner.rb:231:in `block in execute_action'&#10;/Users/macmedan/.fastlane/bin/bundle/lib/ruby/gems/2.2.0/gems/fastlane-2.63.0/fastlane/lib/fastlane/runner.rb:227:in `chdir'&#10;/Users/macmedan/.fastlane/bin/bundle/lib/ruby/gems/2.2.0/gems/fastlane-2.63.0/fastlane/lib/fastlane/runner.rb:227:in `execute_action'&#10;/Users/macmedan/.fastlane/bin/bundle/lib/ruby/gems/2.2.0/gems/fastlane-2.63.0/fastlane/lib/fastlane/runner.rb:148:in `trigger_action_by_name'&#10;/Users/macmedan/.fastlane/bin/bundle/lib/ruby/gems/2.2.0/gems/fastlane-2.63.0/fastlane/lib/fastlane/fast_file.rb:146:in `method_missing'&#10;Fastfile:86:in `block (2 levels) in parsing_binding'&#10;/Users/macmedan/.fastlane/bin/bundle/lib/ruby/gems/2.2.0/gems/fastlane-2.63.0/fastlane/lib/fastlane/lane.rb:33:in `call'&#10;/Users/macmedan/.fastlane/bin/bundle/lib/ruby/gems/2.2.0/gems/fastlane-2.63.0/fastlane/lib/fastlane/lane.rb:33:in `call'&#10;/Users/macmedan/.fastlane/bin/bundle/lib/ruby/gems/2.2.0/gems/fastlane-2.63.0/fastlane/lib/fastlane/runner.rb:49:in `block in execute'&#10;/Users/macmedan/.fastlane/bin/bundle/lib/ruby/gems/2.2.0/gems/fastlane-2.63.0/fastlane/lib/fastlane/runner.rb:45:in `chdir'&#10;/Users/macmedan/.fastlane/bin/bundle/lib/ruby/gems/2.2.0/gems/fastlane-2.63.0/fastlane/lib/fastlane/runner.rb:45:in `execute'&#10;/Users/macmedan/.fastlane/bin/bundle/lib/ruby/gems/2.2.0/gems/fastlane-2.63.0/fastlane/lib/fastlane/lane_manager.rb:54:in `cruise_lane'&#10;/Users/macmedan/.fastlane/bin/bundle/lib/ruby/gems/2.2.0/gems/fastlane-2.63.0/fastlane/lib/fastlane/command_line_handler.rb:30:in `handle'&#10;/Users/macmedan/.fastlane/bin/bundle/lib/ruby/gems/2.2.0/gems/fastlane-2.63.0/fastlane/lib/fastlane/commands_generator.rb:104:in `block (2 levels) in run'&#10;/Users/macmedan/.fastlane/bin/bundle/lib/ruby/gems/2.2.0/gems/commander-fastlane-4.4.5/lib/commander/command.rb:178:in `call'&#10;/Users/macmedan/.fastlane/bin/bundle/lib/ruby/gems/2.2.0/gems/commander-fastlane-4.4.5/lib/commander/command.rb:178:in `call'&#10;/Users/macmedan/.fastlane/bin/bundle/lib/ruby/gems/2.2.0/gems/commander-fastlane-4.4.5/lib/commander/command.rb:153:in `run'&#10;/Users/macmedan/.fastlane/bin/bundle/lib/ruby/gems/2.2.0/gems/commander-fastlane-4.4.5/lib/commander/runner.rb:476:in `run_active_command'&#10;/Users/macmedan/.fastlane/bin/bundle/lib/ruby/gems/2.2.0/gems/fastlane-2.63.0/fastlane_core/lib/fastlane_core/ui/fastlane_runner.rb:66:in `run!'&#10;/Users/macmedan/.fastlane/bin/bundle/lib/ruby/gems/2.2.0/gems/commander-fastlane-4.4.5/lib/commander/delegates.rb:15:in `run!'&#10;/Users/macmedan/.fastlane/bin/bundle/lib/ruby/gems/2.2.0/gems/fastlane-2.63.0/fastlane/lib/fastlane/commands_generator.rb:303:in `run'&#10;/Users/macmedan/.fastlane/bin/bundle/lib/ruby/gems/2.2.0/gems/fastlane-2.63.0/fastlane/lib/fastlane/commands_generator.rb:42:in `start'&#10;/Users/macmedan/.fastlane/bin/bundle/lib/ruby/gems/2.2.0/gems/fastlane-2.63.0/fastlane/lib/fastlane/cli_tools_distributor.rb:66:in `take_off'&#10;/Users/macmedan/.fastlane/bin/bundle/lib/ruby/gems/2.2.0/gems/fastlane-2.63.0/bin/fastlane:20:in `&lt;top (required)&gt;'&#10;/Users/macmedan/.fastlane/bin/bundle/bin/fastlane:22:in `load'&#10;/Users/macmedan/.fastlane/bin/bundle/bin/fastlane:22:in `&lt;main&gt;'&#10;&#10;ERROR: Failed to build gem native extension.&#10;&#10;    current directory: /Users/macmedan/.fastlane/bin/bundle/lib/ruby/gems/2.2.0/gems/redcarpet-3.4.0/ext/redcarpet&#10;/Users/macmedan/.fastlane/bin/bundle/bin/ruby -r ./siteconf20171103-81472-bt16j5.rb extconf.rb&#10;creating Makefile&#10;&#10;current directory: /Users/macmedan/.fastlane/bin/bundle/lib/ruby/gems/2.2.0/gems/redcarpet-3.4.0/ext/redcarpet&#10;make &quot;DESTDIR=&quot; clean&#10;&#10;current directory: /Users/macmedan/.fastlane/bin/bundle/lib/ruby/gems/2.2.0/gems/redcarpet-3.4.0/ext/redcarpet&#10;make &quot;DESTDIR=&quot;&#10;compiling autolink.c&#10;clang: warning: no such sysroot directory: '/Applications/Xcode-7.3.1.app/Contents/Developer/Platforms/MacOSX.platform/Developer/SDKs/MacOSX10.11.sdk' [-Wmissing-sysroot]&#10;autolink.c:26:10: fatal error: 'string.h' file not found&#10;#include &lt;string.h&gt;&#10;         ^~~~~~~~~~&#10;1 error generated.&#10;make: *** [autolink.o] Error 1&#10;&#10;make failed, exit code 2&#10;&#10;Gem files will remain installed in /Users/macmedan/.fastlane/bin/bundle/lib/ruby/gems/2.2.0/gems/redcarpet-3.4.0 for inspection.&#10;Results logged to /Users/macmedan/.fastlane/bin/bundle/lib/ruby/gems/2.2.0/extensions/x86_64-darwin-15/2.2.0-static/redcarpet-3.4.0/gem_make.out&#10;" />
        
      </testcase>
    
  </testsuite>
</testsuites>
